[debug] [2026-03-11T08:35:48.373Z] ----------------------------------------------------------------------
[debug] [2026-03-11T08:35:48.374Z] Command:       /Users/azanbar/.nvm/versions/node/v22.22.0/bin/node /Users/azanbar/.nvm/versions/node/v22.22.0/bin/firebase deploy --only hosting
[debug] [2026-03-11T08:35:48.375Z] CLI Version:   15.6.0
[debug] [2026-03-11T08:35:48.375Z] Platform:      darwin
[debug] [2026-03-11T08:35:48.375Z] Node Version:  v22.22.0
[debug] [2026-03-11T08:35:48.375Z] Time:          Wed Mar 11 2026 10:35:48 GMT+0200 (Israel Standard Time)
[debug] [2026-03-11T08:35:48.375Z] ----------------------------------------------------------------------
[debug] 
[debug] [2026-03-11T08:35:49.102Z] > command requires scopes: ["email","openid","https://www.googleapis.com/auth/cloudplatformprojects.readonly","https://www.googleapis.com/auth/firebase","https://www.googleapis.com/auth/cloud-platform"]
[debug] [2026-03-11T08:35:49.102Z] > authorizing via signed-in user (atzanbar@gmail.com)
[debug] [2026-03-11T08:35:49.102Z] [iam] checking project food-lab-489907 for permissions ["firebase.projects.get","firebasehosting.sites.update"]
[debug] [2026-03-11T08:35:49.103Z] Checked if tokens are valid: true, expires at: 1773221411795
[debug] [2026-03-11T08:35:49.103Z] Checked if tokens are valid: true, expires at: 1773221411795
[debug] [2026-03-11T08:35:49.103Z] >>> [apiv2][query] POST https://cloudresourcemanager.googleapis.com/v1/projects/food-lab-489907:testIamPermissions [none]
[debug] [2026-03-11T08:35:49.103Z] >>> [apiv2][(partial)header] POST https://cloudresourcemanager.googleapis.com/v1/projects/food-lab-489907:testIamPermissions  x-goog-user-project=food-lab-489907
[debug] [2026-03-11T08:35:49.103Z] >>> [apiv2][body] POST https://cloudresourcemanager.googleapis.com/v1/projects/food-lab-489907:testIamPermissions {"permissions":["firebase.projects.get","firebasehosting.sites.update"]}
[debug] [2026-03-11T08:35:50.092Z] <<< [apiv2][status] POST https://cloudresourcemanager.googleapis.com/v1/projects/food-lab-489907:testIamPermissions 200
[debug] [2026-03-11T08:35:50.093Z] <<< [apiv2][body] POST https://cloudresourcemanager.googleapis.com/v1/projects/food-lab-489907:testIamPermissions {"permissions":["firebase.projects.get","firebasehosting.sites.update"]}
[debug] [2026-03-11T08:35:50.094Z] Checked if tokens are valid: true, expires at: 1773221411795
[debug] [2026-03-11T08:35:50.094Z] Checked if tokens are valid: true, expires at: 1773221411795
[debug] [2026-03-11T08:35:50.094Z] >>> [apiv2][query] GET https://firebase.googleapis.com/v1beta1/projects/food-lab-489907 [none]
[debug] [2026-03-11T08:35:50.793Z] <<< [apiv2][status] GET https://firebase.googleapis.com/v1beta1/projects/food-lab-489907 404
[debug] [2026-03-11T08:35:50.793Z] <<< [apiv2][body] GET https://firebase.googleapis.com/v1beta1/projects/food-lab-489907 {"error":{"code":404,"message":"Requested entity was not found.","status":"NOT_FOUND"}}
[debug] [2026-03-11T08:35:50.794Z] Couldn't get project info from firedata for food-lab-489907, trying resource manager. Original error: FirebaseError: Request to https://firebase.googleapis.com/v1beta1/projects/food-lab-489907 had HTTP Error: 404, Requested entity was not found.
[debug] [2026-03-11T08:35:50.795Z] Checked if tokens are valid: true, expires at: 1773221411795
[debug] [2026-03-11T08:35:50.795Z] Checked if tokens are valid: true, expires at: 1773221411795
[debug] [2026-03-11T08:35:50.795Z] >>> [apiv2][query] GET https://cloudresourcemanager.googleapis.com/v1/projects/food-lab-489907 [none]
[debug] [2026-03-11T08:35:51.111Z] <<< [apiv2][status] GET https://cloudresourcemanager.googleapis.com/v1/projects/food-lab-489907 200
[debug] [2026-03-11T08:35:51.111Z] <<< [apiv2][body] GET https://cloudresourcemanager.googleapis.com/v1/projects/food-lab-489907 {"projectNumber":"454667242895","projectId":"food-lab-489907","lifecycleState":"ACTIVE","name":"Food-lab","createTime":"2026-03-11T07:44:54.637845Z"}
[debug] [2026-03-11T08:35:51.111Z] the default site does not exist on the Firebase project; asking Hosting.
[debug] [2026-03-11T08:35:51.111Z] Checked if tokens are valid: true, expires at: 1773221411795
[debug] [2026-03-11T08:35:51.112Z] Checked if tokens are valid: true, expires at: 1773221411795
[debug] [2026-03-11T08:35:51.112Z] >>> [apiv2][query] GET https://firebasehosting.googleapis.com/v1beta1/projects/food-lab-489907/sites pageToken=&pageSize=10
[debug] [2026-03-11T08:35:52.319Z] <<< [apiv2][status] GET https://firebasehosting.googleapis.com/v1beta1/projects/food-lab-489907/sites 200
[debug] [2026-03-11T08:35:52.319Z] <<< [apiv2][body] GET https://firebasehosting.googleapis.com/v1beta1/projects/food-lab-489907/sites {}
[info] i  No Hosting site detected. 
[debug] [2026-03-11T08:35:52.321Z] Checked if tokens are valid: true, expires at: 1773221411795
[debug] [2026-03-11T08:35:52.321Z] Checked if tokens are valid: true, expires at: 1773221411795
[debug] [2026-03-11T08:35:52.321Z] >>> [apiv2][query] GET https://cloudresourcemanager.googleapis.com/v1/projects/food-lab-489907 [none]
[debug] [2026-03-11T08:35:52.548Z] <<< [apiv2][status] GET https://cloudresourcemanager.googleapis.com/v1/projects/food-lab-489907 200
[debug] [2026-03-11T08:35:52.548Z] <<< [apiv2][body] GET https://cloudresourcemanager.googleapis.com/v1/projects/food-lab-489907 {"projectNumber":"454667242895","projectId":"food-lab-489907","lifecycleState":"ACTIVE","name":"Food-lab","createTime":"2026-03-11T07:44:54.637845Z"}
[debug] [2026-03-11T08:35:52.549Z] Checked if tokens are valid: true, expires at: 1773221411795
[debug] [2026-03-11T08:35:52.549Z] Checked if tokens are valid: true, expires at: 1773221411795
[debug] [2026-03-11T08:35:52.549Z] >>> [apiv2][query] POST https://firebasehosting.googleapis.com/v1beta1/projects/454667242895/sites siteId=food-lab-489907&validateOnly=true
[debug] [2026-03-11T08:35:52.549Z] >>> [apiv2][body] POST https://firebasehosting.googleapis.com/v1beta1/projects/454667242895/sites {"appId":""}
[debug] [2026-03-11T08:35:53.897Z] <<< [apiv2][status] POST https://firebasehosting.googleapis.com/v1beta1/projects/454667242895/sites 200
[debug] [2026-03-11T08:35:53.897Z] <<< [apiv2][body] POST https://firebasehosting.googleapis.com/v1beta1/projects/454667242895/sites {"name":"projects/454667242895/sites/food-lab-489907","defaultUrl":"https://food-lab-489907.web.app","type":"DEFAULT_SITE"}
[debug] [2026-03-11T08:36:10.555Z] ExitPromptError: User force closed the prompt with SIGINT
    at Interface.sigint (/Users/azanbar/.nvm/versions/node/v22.22.0/lib/node_modules/firebase-tools/node_modules/@inquirer/core/dist/commonjs/lib/create-prompt.js:101:37)
    at Interface.emit (node:events:519:28)
    at [_ttyWrite] [as _ttyWrite] (node:internal/readline/interface:1134:18)
    at ReadStream.onkeypress (node:internal/readline/interface:271:20)
    at ReadStream.emit (node:events:531:35)
    at emitKeys (node:internal/readline/utils:370:14)
    at emitKeys.next (<anonymous>)
    at ReadStream.onData (node:internal/readline/emitKeypressEvents:64:36)
    at ReadStream.emit (node:events:519:28)
    at addChunk (node:internal/streams/readable:561:12)
[error] 
[error] Error: An unexpected error has occurred.
